# JRE version: OpenJDK Runtime Environment (8.0_202-b03) (build 1.8.0_202-release-1483-b03)
# Java VM: OpenJDK 64-Bit Server VM (25.202-b03 mixed mode windows-amd64 compressed oops)
Heap:
 PSYoungGen      total 652800K, used 584640K [0x000000076ab00000, 0x00000007a7e00000, 0x00000007c0000000)
  eden space 467456K, 100% used [0x000000076ab00000,0x0000000787380000,0x0000000787380000)
  from space 185344K, 63% used [0x0000000795c00000,0x000000079ce700c8,0x00000007a1100000)
  to   space 238080K, 91% used [0x0000000787380000,0x0000000794868020,0x0000000795c00000)
 ParOldGen       total 458240K, used 297086K [0x00000006c0000000, 0x00000006dbf80000, 0x000000076ab00000)
  object space 458240K, 64% used [0x00000006c0000000,0x00000006d221f958,0x00000006dbf80000)
 Metaspace       used 24135K, capacity 24272K, committed 24448K, reserved 1071104K
  class space    used 2614K, capacity 2674K, committed 2688K, reserved 1048576K
GC Heap History (10 events):
Event: 35.569 GC heap after
Heap after GC invocations=15 (full 2):
 PSYoungGen      total 442368K, used 106464K [0x000000076ab00000, 0x0000000793d00000, 0x00000007c0000000)
  eden space 335872K, 0% used [0x000000076ab00000,0x000000076ab00000,0x000000077f300000)
  from space 106496K, 99% used [0x000000077f300000,0x0000000785af8070,0x0000000785b00000)
  to   space 130048K, 0% used [0x000000078be00000,0x000000078be00000,0x0000000793d00000)
 ParOldGen       total 282624K, used 172861K [0x00000006c0000000, 0x00000006d1400000, 0x000000076ab00000)
  object space 282624K, 61% used [0x00000006c0000000,0x00000006ca8cf6e0,0x00000006d1400000)
 Metaspace       used 23218K, capacity 23408K, committed 23680K, reserved 1071104K
  class space    used 2555K, capacity 2642K, committed 2688K, reserved 1048576K
}
Event: 38.015 GC heap before
{Heap before GC invocations=16 (full 2):
 PSYoungGen      total 442368K, used 442336K [0x000000076ab00000, 0x0000000793d00000, 0x00000007c0000000)
  eden space 335872K, 100% used [0x000000076ab00000,0x000000077f300000,0x000000077f300000)
  from space 106496K, 99% used [0x000000077f300000,0x0000000785af8070,0x0000000785b00000)
  to   space 130048K, 0% used [0x000000078be00000,0x000000078be00000,0x0000000793d00000)
 ParOldGen       total 282624K, used 172861K [0x00000006c0000000, 0x00000006d1400000, 0x000000076ab00000)
  object space 282624K, 61% used [0x00000006c0000000,0x00000006ca8cf6e0,0x00000006d1400000)
 Metaspace       used 23481K, capacity 23664K, committed 23936K, reserved 1071104K
  class space    used 2585K, capacity 2642K, committed 2688K, reserved 1048576K
Event: 38.309 GC heap after
Heap after GC invocations=16 (full 2):
 PSYoungGen      total 525312K, used 122880K [0x000000076ab00000, 0x0000000796980000, 0x00000007c0000000)
  eden space 395264K, 0% used [0x000000076ab00000,0x000000076ab00000,0x0000000782d00000)
  from space 130048K, 94% used [0x000000078be00000,0x0000000793600218,0x0000000793d00000)
  to   space 148480K, 0% used [0x0000000782d00000,0x0000000782d00000,0x000000078be00000)
 ParOldGen       total 282624K, used 172869K [0x00000006c0000000, 0x00000006d1400000, 0x000000076ab00000)
  object space 282624K, 61% used [0x00000006c0000000,0x00000006ca8d16e0,0x00000006d1400000)
 Metaspace       used 23481K, capacity 23664K, committed 23936K, reserved 1071104K
  class space    used 2585K, capacity 2642K, committed 2688K, reserved 1048576K
}
Event: 40.316 GC heap before
{Heap before GC invocations=17 (full 2):
 PSYoungGen      total 525312K, used 518144K [0x000000076ab00000, 0x0000000796980000, 0x00000007c0000000)
  eden space 395264K, 100% used [0x000000076ab00000,0x0000000782d00000,0x0000000782d00000)
  from space 130048K, 94% used [0x000000078be00000,0x0000000793600218,0x0000000793d00000)
  to   space 148480K, 0% used [0x0000000782d00000,0x0000000782d00000,0x000000078be00000)
 ParOldGen       total 282624K, used 172869K [0x00000006c0000000, 0x00000006d1400000, 0x000000076ab00000)
  object space 282624K, 61% used [0x00000006c0000000,0x00000006ca8d16e0,0x00000006d1400000)
 Metaspace       used 23656K, capacity 23888K, committed 24192K, reserved 1071104K
  class space    used 2598K, capacity 2674K, committed 2688K, reserved 1048576K
Event: 40.841 GC heap after
Heap after GC invocations=17 (full 2):
 PSYoungGen      total 543744K, used 148455K [0x000000076ab00000, 0x00000007a1100000, 0x00000007c0000000)
  eden space 395264K, 0% used [0x000000076ab00000,0x000000076ab00000,0x0000000782d00000)
  from space 148480K, 99% used [0x0000000782d00000,0x000000078bdf9ca0,0x000000078be00000)
  to   space 185344K, 0% used [0x0000000795c00000,0x0000000795c00000,0x00000007a1100000)
 ParOldGen       total 282624K, used 209031K [0x00000006c0000000, 0x00000006d1400000, 0x000000076ab00000)
  object space 282624K, 73% used [0x00000006c0000000,0x00000006ccc21ee8,0x00000006d1400000)
 Metaspace       used 23656K, capacity 23888K, committed 24192K, reserved 1071104K
  class space    used 2598K, capacity 2674K, committed 2688K, reserved 1048576K
}
Event: 45.619 GC heap before
{Heap before GC invocations=18 (full 2):
 PSYoungGen      total 543744K, used 543719K [0x000000076ab00000, 0x00000007a1100000, 0x00000007c0000000)
  eden space 395264K, 100% used [0x000000076ab00000,0x0000000782d00000,0x0000000782d00000)
  from space 148480K, 99% used [0x0000000782d00000,0x000000078bdf9ca0,0x000000078be00000)
  to   space 185344K, 0% used [0x0000000795c00000,0x0000000795c00000,0x00000007a1100000)
 ParOldGen       total 282624K, used 209031K [0x00000006c0000000, 0x00000006d1400000, 0x000000076ab00000)
  object space 282624K, 73% used [0x00000006c0000000,0x00000006ccc21ee8,0x00000006d1400000)
 Metaspace       used 24098K, capacity 24272K, committed 24448K, reserved 1071104K
  class space    used 2614K, capacity 2674K, committed 2688K, reserved 1048576K
Event: 46.478 GC heap after
Heap after GC invocations=18 (full 2):
 PSYoungGen      total 652800K, used 185335K [0x000000076ab00000, 0x00000007a7e00000, 0x00000007c0000000)
  eden space 467456K, 0% used [0x000000076ab00000,0x000000076ab00000,0x0000000787380000)
  from space 185344K, 99% used [0x0000000795c00000,0x00000007a10fdc70,0x00000007a1100000)
  to   space 238080K, 0% used [0x0000000787380000,0x0000000787380000,0x0000000795c00000)
 ParOldGen       total 282624K, used 269037K [0x00000006c0000000, 0x00000006d1400000, 0x000000076ab00000)
  object space 282624K, 95% used [0x00000006c0000000,0x00000006d06bb798,0x00000006d1400000)
 Metaspace       used 24098K, capacity 24272K, committed 24448K, reserved 1071104K
  class space    used 2614K, capacity 2674K, committed 2688K, reserved 1048576K
}
Event: 46.479 GC heap before
{Heap before GC invocations=19 (full 3):
 PSYoungGen      total 652800K, used 185335K [0x000000076ab00000, 0x00000007a7e00000, 0x00000007c0000000)
  eden space 467456K, 0% used [0x000000076ab00000,0x000000076ab00000,0x0000000787380000)
  from space 185344K, 99% used [0x0000000795c00000,0x00000007a10fdc70,0x00000007a1100000)
  to   space 238080K, 0% used [0x0000000787380000,0x0000000787380000,0x0000000795c00000)
 ParOldGen       total 282624K, used 269037K [0x00000006c0000000, 0x00000006d1400000, 0x000000076ab00000)
  object space 282624K, 95% used [0x00000006c0000000,0x00000006d06bb798,0x00000006d1400000)
 Metaspace       used 24098K, capacity 24272K, committed 24448K, reserved 1071104K
  class space    used 2614K, capacity 2674K, committed 2688K, reserved 1048576K
Event: 51.577 GC heap after
Heap after GC invocations=19 (full 3):
 PSYoungGen      total 652800K, used 117184K [0x000000076ab00000, 0x00000007a7e00000, 0x00000007c0000000)
  eden space 467456K, 0% used [0x000000076ab00000,0x000000076ab00000,0x0000000787380000)
  from space 185344K, 63% used [0x0000000795c00000,0x000000079ce700c8,0x00000007a1100000)
  to   space 238080K, 0% used [0x0000000787380000,0x0000000787380000,0x0000000795c00000)
 ParOldGen       total 458240K, used 282352K [0x00000006c0000000, 0x00000006dbf80000, 0x000000076ab00000)
  object space 458240K, 61% used [0x00000006c0000000,0x00000006d13bc038,0x00000006dbf80000)
 Metaspace       used 24098K, capacity 24272K, committed 24448K, reserved 1071104K
  class space    used 2614K, capacity 2674K, committed 2688K, reserved 1048576K
}
Event: 54.459 GC heap before
{Heap before GC invocations=20 (full 3):
 PSYoungGen      total 652800K, used 584640K [0x000000076ab00000, 0x00000007a7e00000, 0x00000007c0000000)
  eden space 467456K, 100% used [0x000000076ab00000,0x0000000787380000,0x0000000787380000)
  from space 185344K, 63% used [0x0000000795c00000,0x000000079ce700c8,0x00000007a1100000)
  to   space 238080K, 0% used [0x0000000787380000,0x0000000787380000,0x0000000795c00000)
 ParOldGen       total 458240K, used 282352K [0x00000006c0000000, 0x00000006dbf80000, 0x000000076ab00000)
  object space 458240K, 61% used [0x00000006c0000000,0x00000006d13bc038,0x00000006dbf80000)
 Metaspace       used 24135K, capacity 24272K, committed 24448K, reserved 1071104K
  class space    used 2614K, capacity 2674K, committed 2688K, reserved 1048576K

